<?xml version="1.0" encoding="UTF-8"?>
<testng-results ignored="0" total="6" passed="6" failed="0" skipped="0">
  <reporter-output>
  </reporter-output>
  <suite started-at="2021-09-16T12:40:48 GMT-12:00" name="Default suite" finished-at="2021-09-16T12:41:23 GMT-12:00" duration-ms="35610">
    <groups>
    </groups>
    <test started-at="2021-09-16T12:40:48 GMT-12:00" name="Default test" finished-at="2021-09-16T12:41:23 GMT-12:00" duration-ms="35610">
      <class name="com.STesting.Selenium.DataProvider.DataProviderDemo">
        <test-method signature="launchBrowser()[pri:1, instance:com.STesting.Selenium.DataProvider.DataProviderDemo@44821a96]" started-at="2021-09-16T12:40:48 GMT-12:00" name="launchBrowser" finished-at="2021-09-16T12:41:10 GMT-12:00" duration-ms="22539" status="PASS">
          <reporter-output>
          </reporter-output>
        </test-method> <!-- launchBrowser -->
        <test-method signature="navigate()[pri:2, instance:com.STesting.Selenium.DataProvider.DataProviderDemo@44821a96]" started-at="2021-09-16T12:41:10 GMT-12:00" name="navigate" finished-at="2021-09-16T12:41:23 GMT-12:00" duration-ms="12309" status="PASS">
          <reporter-output>
          </reporter-output>
        </test-method> <!-- navigate -->
        <test-method signature="login(java.lang.String,java.lang.String)[pri:3, instance:com.STesting.Selenium.DataProvider.DataProviderDemo@44821a96]" started-at="2021-09-16T12:41:23 GMT-12:00" name="login" data-provider="getLoginData" finished-at="2021-09-16T12:41:23 GMT-12:00" duration-ms="286" status="PASS">
          <params>
            <param index="0">
              <value>
                <![CDATA[admin]]>
              </value>
            </param>
            <param index="1">
              <value>
                <![CDATA[manager]]>
              </value>
            </param>
          </params>
          <reporter-output>
          </reporter-output>
        </test-method> <!-- login -->
        <test-method signature="login(java.lang.String,java.lang.String)[pri:3, instance:com.STesting.Selenium.DataProvider.DataProviderDemo@44821a96]" started-at="2021-09-16T12:41:23 GMT-12:00" name="login" data-provider="getLoginData" finished-at="2021-09-16T12:41:23 GMT-12:00" duration-ms="51" status="PASS">
          <params>
            <param index="0">
              <value>
                <![CDATA[admin]]>
              </value>
            </param>
            <param index="1">
              <value>
                <![CDATA[manager]]>
              </value>
            </param>
          </params>
          <reporter-output>
          </reporter-output>
        </test-method> <!-- login -->
        <test-method signature="login(java.lang.String,java.lang.String)[pri:3, instance:com.STesting.Selenium.DataProvider.DataProviderDemo@44821a96]" started-at="2021-09-16T12:41:23 GMT-12:00" name="login" data-provider="getLoginData" finished-at="2021-09-16T12:41:23 GMT-12:00" duration-ms="35" status="PASS">
          <params>
            <param index="0">
              <value>
                <![CDATA[admin]]>
              </value>
            </param>
            <param index="1">
              <value>
                <![CDATA[manager]]>
              </value>
            </param>
          </params>
          <reporter-output>
          </reporter-output>
        </test-method> <!-- login -->
        <test-method signature="closeApplication()[pri:4, instance:com.STesting.Selenium.DataProvider.DataProviderDemo@44821a96]" started-at="2021-09-16T12:41:23 GMT-12:00" name="closeApplication" finished-at="2021-09-16T12:41:23 GMT-12:00" duration-ms="278" status="PASS">
          <reporter-output>
          </reporter-output>
        </test-method> <!-- closeApplication -->
      </class> <!-- com.STesting.Selenium.DataProvider.DataProviderDemo -->
    </test> <!-- Default test -->
  </suite> <!-- Default suite -->
</testng-results>
