<?xml version="1.0" encoding="UTF-8"?>
<!-- Generated by org.testng.reporters.JUnitXMLReporter -->
<testsuite ignored="0" hostname="DESKTOP-UEMQB2N" failures="0" tests="6" name="Default test" time="35.61" errors="0" timestamp="2021-09-16T12:41:23 GMT-12:00">
  <testcase classname="com.STesting.Selenium.DataProvider.DataProviderDemo" name="launchBrowser" time="22.539"/>
  <testcase classname="com.STesting.Selenium.DataProvider.DataProviderDemo" name="navigate" time="12.309"/>
  <testcase classname="com.STesting.Selenium.DataProvider.DataProviderDemo" name="login" time="0.286"/>
  <testcase classname="com.STesting.Selenium.DataProvider.DataProviderDemo" name="login" time="0.051"/>
  <testcase classname="com.STesting.Selenium.DataProvider.DataProviderDemo" name="login" time="0.035"/>
  <testcase classname="com.STesting.Selenium.DataProvider.DataProviderDemo" name="closeApplication" time="0.278"/>
</testsuite> <!-- Default test -->
